C:\Program Files (x86)\Microsoft Visual Studio\2019\Community\MSBuild\Microsoft\VC\v160\Microsoft.CppBuild.targets(397,5): warning MSB8004: Output Directory does not end with a trailing slash.  This build instance will add the slash as it is required to allow proper evaluation of the Output Directory.
  ConvolutionUnfold.cpp
  FillCopyOps.cpp
  DimensionwiseOps.cpp
  ElementwiseOps.cpp
  GatherScatterOps.cpp
  General.cpp
  ImUtil.cpp
C:\git\Arithmetica\arith_ops\ImUtil.cpp(50): warning C4244: '=': conversion from 'double' to 'T', possible loss of data
          with
          [
              T=int
          ]
  C:\git\Arithmetica\arith_ops\ImUtil.cpp(114): note: see reference to function template instantiation 'void im2cols<int>(const TensorRef *,const int,const int,const int,const int,const int,const int,const int,const int,const int,const int,const int,int,int,TensorRef *)' being compiled
C:\git\Arithmetica\arith_ops\ImUtil.cpp(50): warning C4244: '=': conversion from 'double' to 'T', possible loss of data
          with
          [
              T=unsigned char
          ]
  C:\git\Arithmetica\arith_ops\ImUtil.cpp(114): note: see reference to function template instantiation 'void im2cols<unsigned char>(const TensorRef *,const int,const int,const int,const int,const int,const int,const int,const int,const int,const int,const int,int,int,TensorRef *)' being compiled
  ImUtil.h
  MaxPoolingFrame.cpp
  RandomGenerator.cpp
  TensorRandom.cpp
  dllmain.cpp
x64\Release\ImUtil.obj : warning LNK4042: object specified more than once; extras ignored
     Creating library .\build\arith_ops.lib and object .\build\arith_ops.exp
  Generating code
  Previous IPDB not found, fall back to full compilation.
  All 1299 functions were compiled because no usable IPDB/IOBJ from previous compilation was found.
  Finished generating code
  arith_ops..vcxproj -> C:\git\Arithmetica\arith_ops\.\build\arith_ops.dll
