c:\git\arithmetica\arith_ops\build\arith_ops.lib
c:\git\arithmetica\arith_ops\build\arith_ops.exp
c:\git\arithmetica\arith_ops\build\arith_ops.ipdb
c:\git\arithmetica\arith_ops\build\arith_ops.iobj
c:\git\arithmetica\arith_ops\x64\release\vc142.pdb
c:\git\arithmetica\arith_ops\x64\release\tensorrandom.obj
c:\git\arithmetica\arith_ops\x64\release\randomgenerator.obj
c:\git\arithmetica\arith_ops\x64\release\maxpoolingframe.obj
c:\git\arithmetica\arith_ops\x64\release\imutil.obj
c:\git\arithmetica\arith_ops\x64\release\general.obj
c:\git\arithmetica\arith_ops\x64\release\gatherscatterops.obj
c:\git\arithmetica\arith_ops\x64\release\elementwiseops.obj
c:\git\arithmetica\arith_ops\x64\release\dimensionwiseops.obj
c:\git\arithmetica\arith_ops\x64\release\fillcopyops.obj
c:\git\arithmetica\arith_ops\x64\release\convolutionunfold.obj
c:\git\arithmetica\arith_ops\x64\release\dllmain.obj
c:\git\arithmetica\arith_ops\build\arith_ops.dll
c:\git\arithmetica\arith_ops\build\arith_ops.pdb
c:\git\arithmetica\arith_ops\.\build\arith_ops.dll
c:\git\arithmetica\arith_ops\x64\release\arith_ops.tlog\arith_ops.write.1u.tlog
c:\git\arithmetica\arith_ops\x64\release\arith_ops.tlog\cl.command.1.tlog
c:\git\arithmetica\arith_ops\x64\release\arith_ops.tlog\cl.read.1.tlog
c:\git\arithmetica\arith_ops\x64\release\arith_ops.tlog\cl.write.1.tlog
c:\git\arithmetica\arith_ops\x64\release\arith_ops.tlog\link.command.1.tlog
c:\git\arithmetica\arith_ops\x64\release\arith_ops.tlog\link.read.1.tlog
c:\git\arithmetica\arith_ops\x64\release\arith_ops.tlog\link.write.1.tlog
