e:\deepakproj\git\arithmetica\arith_ops\build\arith_ops.lib
e:\deepakproj\git\arithmetica\arith_ops\build\arith_ops.exp
e:\deepakproj\git\arithmetica\arith_ops\debug\vc142.pdb
e:\deepakproj\git\arithmetica\arith_ops\debug\vc142.idb
e:\deepakproj\git\arithmetica\arith_ops\debug\tensorrandom.obj
e:\deepakproj\git\arithmetica\arith_ops\debug\randomgenerator.obj
e:\deepakproj\git\arithmetica\arith_ops\debug\maxpoolingframe.obj
e:\deepakproj\git\arithmetica\arith_ops\debug\imutil.obj
e:\deepakproj\git\arithmetica\arith_ops\debug\general.obj
e:\deepakproj\git\arithmetica\arith_ops\debug\gatherscatterops.obj
e:\deepakproj\git\arithmetica\arith_ops\debug\elementwiseops.obj
e:\deepakproj\git\arithmetica\arith_ops\debug\dimensionwiseops.obj
e:\deepakproj\git\arithmetica\arith_ops\debug\fillcopyops.obj
e:\deepakproj\git\arithmetica\arith_ops\debug\convolutionunfold.obj
e:\deepakproj\git\arithmetica\arith_ops\debug\dllmain.obj
e:\deepakproj\git\arithmetica\arith_ops\build\arith_ops.ilk
e:\deepakproj\git\arithmetica\arith_ops\build\arith_ops.dll
e:\deepakproj\git\arithmetica\arith_ops\build\arith_ops.pdb
e:\deepakproj\git\arithmetica\arith_ops\.\build\arith_ops.dll
e:\deepakproj\git\arithmetica\arith_ops\debug\arith_ops.tlog\arith_ops.write.1u.tlog
e:\deepakproj\git\arithmetica\arith_ops\debug\arith_ops.tlog\cl.command.1.tlog
e:\deepakproj\git\arithmetica\arith_ops\debug\arith_ops.tlog\cl.read.1.tlog
e:\deepakproj\git\arithmetica\arith_ops\debug\arith_ops.tlog\cl.write.1.tlog
e:\deepakproj\git\arithmetica\arith_ops\debug\arith_ops.tlog\link.command.1.tlog
e:\deepakproj\git\arithmetica\arith_ops\debug\arith_ops.tlog\link.read.1.tlog
e:\deepakproj\git\arithmetica\arith_ops\debug\arith_ops.tlog\link.write.1.tlog
